TN:
SF:/home/paccbet/techno/technopark-cpp/techno-iz2/src/file/file.c
FN:7,create_file_reader
FNDA:23,create_file_reader
FN:23,destroy_file_reader
FNDA:17,destroy_file_reader
FN:37,read_number
FNDA:36,read_number
DA:7,23
DA:9,23
DA:10,23
DA:11,9
DA:14,14
DA:15,14
DA:16,0
DA:19,14
DA:20,14
DA:23,17
DA:25,17
DA:26,6
DA:29,11
DA:30,11
DA:33,11
DA:34,11
DA:37,36
DA:39,36
DA:40,3
DA:43,33
DA:44,33
DA:46,33
DA:48,33
DA:50,33
end_of_record
TN:
SF:/home/paccbet/techno/technopark-cpp/techno-iz2/src/length_calculator/length_calculator.c
FN:9,calculate_length
FNDA:12,calculate_length
DA:9,12
DA:11,12
DA:12,2
DA:15,10
end_of_record
TN:
SF:/home/paccbet/techno/technopark-cpp/techno-iz2/src/collector/collector.c
FN:7,collect_size
FNDA:2,collect_size
DA:7,2
DA:9,2
DA:10,1
DA:13,1
DA:14,1
DA:15,0
DA:18,1
DA:19,1
DA:20,0
DA:22,0
DA:25,1
DA:27,1
DA:29,1
DA:31,1
end_of_record
TN:
SF:/home/paccbet/techno/technopark-cpp/techno-iz2/src/data_storage/storage.c
FN:7,create_storage
FNDA:9,create_storage
FN:22,fill_storage
FNDA:5,fill_storage
FN:35,calculate_storage
FNDA:5,calculate_storage
FN:49,delete_storage
FNDA:9,delete_storage
DA:7,9
DA:9,9
DA:10,9
DA:11,0
DA:13,9
DA:14,9
DA:15,9
DA:16,0
DA:19,9
DA:22,5
DA:25,5
DA:26,2
DA:29,18
DA:30,15
DA:31,15
DA:35,5
DA:38,5
DA:39,2
DA:42,3
DA:43,11
DA:44,8
DA:46,3
DA:49,9
DA:51,9
DA:52,2
DA:55,7
DA:56,7
DA:57,7
end_of_record
